TN:
SF:/Users/augusto/Documents/Curso-Refinado-Angular/giphy-search/src/polyfills.ts
FNF:0
FNH:0
DA:46,1
DA:73,1
LF:2
LH:2
BRF:0
BRH:0
end_of_record
TN:
SF:/Users/augusto/Documents/Curso-Refinado-Angular/giphy-search/src/test.ts
FNF:0
FNH:0
DA:3,1
DA:4,1
DA:5,1
DA:13,1
DA:18,1
DA:20,1
LF:6
LH:6
BRF:0
BRH:0
end_of_record
TN:
SF:/Users/augusto/Documents/Curso-Refinado-Angular/giphy-search/src/app/giphy/giphy-search.service.ts
FN:7,(anonymous_2)
FN:9,GiphySearchService
FN:11,(anonymous_4)
FN:16,(anonymous_5)
FNF:4
FNH:4
FNDA:1,(anonymous_2)
FNDA:3,GiphySearchService
FNDA:1,(anonymous_4)
FNDA:2,(anonymous_5)
DA:1,1
DA:2,1
DA:7,1
DA:9,3
DA:11,1
DA:12,1
DA:13,1
DA:16,1
DA:17,2
DA:19,1
LF:10
LH:10
BRF:0
BRH:0
end_of_record
